objc[38587]: Class AXEmojiUtilities is implemented in both /Applications/Xcode.app/Contents/Developer/Platforms/iPhoneSimulator.platform/Developer/SDKs/iPhoneSimulator7.1.sdk/System/Library/PrivateFrameworks/AccessibilityUtilities.framework/AccessibilityUtilities and /Applications/Xcode.app/Contents/Developer/Platforms/iPhoneSimulator.platform/Developer/SDKs/iPhoneSimulator7.1.sdk/usr/lib/libAXSpeechManager.dylib. One of the two will be used. Which one is undefined.
2014-06-25 00:16:04.019 Get Latte[38587:70b] Cannot find executable for CFBundle 0xa558970 </Applications/Xcode.app/Contents/Developer/Platforms/iPhoneSimulator.platform/Developer/SDKs/iPhoneSimulator7.1.sdk/System/Library/AccessibilityBundles/GeoServices.axbundle> (not loaded)
2014-06-25 00:16:04.024 Get Latte[38587:70b] Cannot find executable for CFBundle 0xa571570 </Applications/Xcode.app/Contents/Developer/Platforms/iPhoneSimulator.platform/Developer/SDKs/iPhoneSimulator7.1.sdk/System/Library/AccessibilityBundles/CertUIFramework.axbundle> (not loaded)
2014-06-25 00:16:04.076 Get Latte[38587:70b] Multi-tasking -> Device: YES, App: YES
2014-06-25 00:16:04.081 Get Latte[38587:70b] Unlimited access to network resources
2014-06-25 00:16:04.098 Get Latte[38587:70b] [CDVTimer][keyboard] 0.082016ms
2014-06-25 00:16:04.099 Get Latte[38587:70b] CDVPlugin class CDVStatusBar (pluginName: statusbar) does not exist.
2014-06-25 00:16:04.099 Get Latte[38587:70b] [CDVTimer][statusbar] 0.360966ms
2014-06-25 00:16:04.099 Get Latte[38587:70b] [CDVTimer][TotalPluginStartup] 1.337051ms
2014-06-25 00:16:04.164 Get Latte[38587:70b] Resetting plugins due to page load.
2014-06-25 00:16:04.438 Get Latte[38587:70b] Finished load of: file:///Users/Nick/Library/Application%20Support/iPhone%20Simulator/7.1/Applications/BA893E3F-E32B-4A81-86F1-32C7208E4A43/Get%20Latte.app/www/index.html#/login
2014-06-25 00:16:06.345 Get Latte[38587:70b] hasItems
2014-06-25 00:16:06.345 Get Latte[38587:70b] hasItems
2014-06-25 00:16:06.345 Get Latte[38587:70b] hasItems
2014-06-25 00:16:06.345 Get Latte[38587:70b] hasItems
2014-06-25 00:16:06.345 Get Latte[38587:70b] hasItems
2014-06-25 00:16:06.345 Get Latte[38587:70b] hasItems
2014-06-25 00:16:06.346 Get Latte[38587:70b] hasItems
2014-06-25 00:16:06.346 Get Latte[38587:70b] hasItems
2014-06-25 00:16:06.346 Get Latte[38587:70b] hasItems
2014-06-25 00:16:06.346 Get Latte[38587:70b] hasItems
2014-06-25 00:16:06.346 Get Latte[38587:70b] hasItems
2014-06-25 00:16:06.346 Get Latte[38587:70b] hasItems
2014-06-25 00:16:06.347 Get Latte[38587:70b] hasItems
2014-06-25 00:16:06.347 Get Latte[38587:70b] hasItems
2014-06-25 00:16:06.347 Get Latte[38587:70b] hasItems
2014-06-25 00:16:06.347 Get Latte[38587:70b] hasItems
2014-06-25 00:16:06.347 Get Latte[38587:70b] hasItems
2014-06-25 00:16:06.347 Get Latte[38587:70b] hasItems
2014-06-25 00:16:06.347 Get Latte[38587:70b] hasItems
2014-06-25 00:16:06.348 Get Latte[38587:70b] hasItems
2014-06-25 00:16:06.348 Get Latte[38587:70b] hasItems
2014-06-25 00:16:06.348 Get Latte[38587:70b] hasItems
2014-06-25 00:16:06.371 Get Latte[38587:70b] hasItems
2014-06-25 00:16:06.371 Get Latte[38587:70b] hasItems
2014-06-25 00:16:06.371 Get Latte[38587:70b] hasItems
2014-06-25 00:16:06.372 Get Latte[38587:70b] hasItems
2014-06-25 00:16:06.372 Get Latte[38587:70b] hasItems
2014-06-25 00:16:06.372 Get Latte[38587:70b] hasItems
2014-06-25 00:16:06.372 Get Latte[38587:70b] hasItems
2014-06-25 00:16:06.372 Get Latte[38587:70b] hasItems
2014-06-25 00:16:06.373 Get Latte[38587:70b] hasItems
2014-06-25 00:16:06.373 Get Latte[38587:70b] hasItems
2014-06-25 00:16:07.497 Get Latte[38587:70b] hasItems
2014-06-25 00:16:07.497 Get Latte[38587:70b] hasItems
2014-06-25 00:16:07.497 Get Latte[38587:70b] hasItems
2014-06-25 00:16:07.498 Get Latte[38587:70b] hasItems
2014-06-25 00:16:07.498 Get Latte[38587:70b] hasItems
2014-06-25 00:16:07.498 Get Latte[38587:70b] hasItems
2014-06-25 00:16:07.498 Get Latte[38587:70b] hasItems
2014-06-25 00:16:07.498 Get Latte[38587:70b] hasItems
2014-06-25 00:16:08.468 Get Latte[38587:70b] hasItems
2014-06-25 00:16:08.469 Get Latte[38587:70b] hasItems
2014-06-25 00:16:08.469 Get Latte[38587:70b] hasItems
2014-06-25 00:16:08.469 Get Latte[38587:70b] hasItems
2014-06-25 00:16:08.469 Get Latte[38587:70b] hasItems
2014-06-25 00:16:08.470 Get Latte[38587:70b] hasItems
2014-06-25 00:16:08.470 Get Latte[38587:70b] hasItems
2014-06-25 00:16:08.470 Get Latte[38587:70b] hasItems
2014-06-25 00:16:13.700 Get Latte[38587:70b] hasItems
2014-06-25 00:16:13.700 Get Latte[38587:70b] hasItems
2014-06-25 00:16:13.700 Get Latte[38587:70b] hasItems
2014-06-25 00:16:13.700 Get Latte[38587:70b] hasItems
2014-06-25 00:16:13.700 Get Latte[38587:70b] hasItems
2014-06-25 00:16:14.308 Get Latte[38587:70b] hasItems
2014-06-25 00:16:14.308 Get Latte[38587:70b] hasItems
2014-06-25 00:16:14.308 Get Latte[38587:70b] hasItems
2014-06-25 00:16:14.308 Get Latte[38587:70b] hasItems
2014-06-25 00:16:14.308 Get Latte[38587:70b] hasItems
2014-06-25 00:16:15.710 Get Latte[38587:70b] hasItems
2014-06-25 00:16:15.710 Get Latte[38587:70b] hasItems
2014-06-25 00:16:15.710 Get Latte[38587:70b] hasItems
2014-06-25 00:16:15.710 Get Latte[38587:70b] hasItems
2014-06-25 00:16:15.710 Get Latte[38587:70b] hasItems
2014-06-25 00:16:15.710 Get Latte[38587:70b] hasItems
2014-06-25 00:16:15.711 Get Latte[38587:70b] hasItems
2014-06-25 00:16:15.711 Get Latte[38587:70b] hasItems
2014-06-25 00:16:15.711 Get Latte[38587:70b] hasItems
2014-06-25 00:16:15.711 Get Latte[38587:70b] hasItems
2014-06-25 00:16:15.711 Get Latte[38587:70b] hasItems
2014-06-25 00:16:15.711 Get Latte[38587:70b] hasItems
2014-06-25 00:16:15.711 Get Latte[38587:70b] hasItems
2014-06-25 00:16:15.712 Get Latte[38587:70b] hasItems
2014-06-25 00:16:15.712 Get Latte[38587:70b] hasItems
2014-06-25 00:16:15.712 Get Latte[38587:70b] hasItems
2014-06-25 00:16:15.712 Get Latte[38587:70b] hasItems
2014-06-25 00:16:15.712 Get Latte[38587:70b] hasItems
2014-06-25 00:16:15.712 Get Latte[38587:70b] hasItems
2014-06-25 00:16:15.712 Get Latte[38587:70b] hasItems
2014-06-25 00:16:15.712 Get Latte[38587:70b] hasItems
2014-06-25 00:16:15.713 Get Latte[38587:70b] hasItems
2014-06-25 00:16:15.719 Get Latte[38587:70b] hasItems
2014-06-25 00:16:15.720 Get Latte[38587:70b] hasItems
2014-06-25 00:16:15.720 Get Latte[38587:70b] hasItems
2014-06-25 00:16:15.720 Get Latte[38587:70b] hasItems
2014-06-25 00:16:15.720 Get Latte[38587:70b] hasItems
2014-06-25 00:16:15.720 Get Latte[38587:70b] hasItems
2014-06-25 00:16:15.720 Get Latte[38587:70b] hasItems
2014-06-25 00:16:15.721 Get Latte[38587:70b] hasItems
2014-06-25 00:16:15.721 Get Latte[38587:70b] hasItems
2014-06-25 00:16:15.721 Get Latte[38587:70b] hasItems
2014-06-25 00:16:15.721 Get Latte[38587:70b] hasItems
2014-06-25 00:16:15.721 Get Latte[38587:70b] hasItems
2014-06-25 00:16:15.721 Get Latte[38587:70b] hasItems
2014-06-25 00:16:15.721 Get Latte[38587:70b] hasItems
2014-06-25 00:16:15.722 Get Latte[38587:70b] hasItems
2014-06-25 00:16:16.949 Get Latte[38587:70b] hasItems
2014-06-25 00:16:16.949 Get Latte[38587:70b] hasItems
2014-06-25 00:16:16.950 Get Latte[38587:70b] hasItems
2014-06-25 00:16:16.950 Get Latte[38587:70b] hasItems
2014-06-25 00:16:16.950 Get Latte[38587:70b] hasItems
2014-06-25 00:16:19.392 Get Latte[38587:70b] hasItems
2014-06-25 00:16:19.392 Get Latte[38587:70b] hasItems
2014-06-25 00:16:19.392 Get Latte[38587:70b] hasItems
2014-06-25 00:16:19.392 Get Latte[38587:70b] hasItems
2014-06-25 00:16:19.393 Get Latte[38587:70b] hasItems
2014-06-25 00:16:21.473 Get Latte[38587:70b] hasItems
2014-06-25 00:16:21.473 Get Latte[38587:70b] hasItems
2014-06-25 00:16:21.473 Get Latte[38587:70b] hasItems
2014-06-25 00:16:21.474 Get Latte[38587:70b] hasItems
2014-06-25 00:16:21.474 Get Latte[38587:70b] hasItems
2014-06-25 00:16:21.474 Get Latte[38587:70b] hasItems
2014-06-25 00:16:21.474 Get Latte[38587:70b] hasItems
2014-06-25 00:16:21.474 Get Latte[38587:70b] hasItems
2014-06-25 00:16:21.475 Get Latte[38587:70b] hasItems
2014-06-25 00:16:21.923 Get Latte[38587:70b] hasItems
2014-06-25 00:16:21.923 Get Latte[38587:70b] hasItems
2014-06-25 00:16:21.923 Get Latte[38587:70b] hasItems
2014-06-25 00:16:21.923 Get Latte[38587:70b] hasItems
2014-06-25 00:16:21.924 Get Latte[38587:70b] hasItems
2014-06-25 00:16:21.924 Get Latte[38587:70b] hasItems
2014-06-25 00:16:21.924 Get Latte[38587:70b] hasItems
2014-06-25 00:16:21.924 Get Latte[38587:70b] hasItems
2014-06-25 00:16:21.925 Get Latte[38587:70b] hasItems
2014-06-25 00:16:22.130 Get Latte[38587:70b] hasItems
2014-06-25 00:16:22.130 Get Latte[38587:70b] hasItems
2014-06-25 00:16:22.130 Get Latte[38587:70b] hasItems
2014-06-25 00:16:22.131 Get Latte[38587:70b] hasItems
2014-06-25 00:16:22.131 Get Latte[38587:70b] hasItems
2014-06-25 00:16:22.274 Get Latte[38587:70b] hasItems
2014-06-25 00:16:22.274 Get Latte[38587:70b] hasItems
2014-06-25 00:16:22.274 Get Latte[38587:70b] hasItems
2014-06-25 00:16:22.274 Get Latte[38587:70b] hasItems
2014-06-25 00:16:22.275 Get Latte[38587:70b] hasItems
2014-06-25 00:16:22.401 Get Latte[38587:70b] hasItems
2014-06-25 00:16:22.401 Get Latte[38587:70b] hasItems
2014-06-25 00:16:22.402 Get Latte[38587:70b] hasItems
2014-06-25 00:16:22.402 Get Latte[38587:70b] hasItems
2014-06-25 00:16:22.402 Get Latte[38587:70b] hasItems
2014-06-25 00:16:23.154 Get Latte[38587:70b] hasItems
2014-06-25 00:16:23.154 Get Latte[38587:70b] hasItems
2014-06-25 00:16:23.154 Get Latte[38587:70b] hasItems
2014-06-25 00:16:23.154 Get Latte[38587:70b] hasItems
2014-06-25 00:16:23.154 Get Latte[38587:70b] hasItems
2014-06-25 00:16:23.155 Get Latte[38587:70b] hasItems
2014-06-25 00:16:23.155 Get Latte[38587:70b] hasItems
2014-06-25 00:16:23.155 Get Latte[38587:70b] hasItems
2014-06-25 00:16:23.155 Get Latte[38587:70b] hasItems
2014-06-25 00:16:23.424 Get Latte[38587:70b] hasItems
2014-06-25 00:16:23.424 Get Latte[38587:70b] hasItems
2014-06-25 00:16:23.424 Get Latte[38587:70b] hasItems
2014-06-25 00:16:23.425 Get Latte[38587:70b] hasItems
2014-06-25 00:16:23.425 Get Latte[38587:70b] hasItems
2014-06-25 00:16:23.425 Get Latte[38587:70b] hasItems
2014-06-25 00:16:23.425 Get Latte[38587:70b] hasItems
2014-06-25 00:16:23.425 Get Latte[38587:70b] hasItems
2014-06-25 00:16:23.425 Get Latte[38587:70b] hasItems
2014-06-25 00:16:27.419 Get Latte[38587:70b] hasItems
2014-06-25 00:16:27.419 Get Latte[38587:70b] hasItems
2014-06-25 00:16:27.419 Get Latte[38587:70b] hasItems
2014-06-25 00:16:27.419 Get Latte[38587:70b] hasItems
2014-06-25 00:16:27.420 Get Latte[38587:70b] hasItems
2014-06-25 00:16:27.420 Get Latte[38587:70b] hasItems
2014-06-25 00:16:27.420 Get Latte[38587:70b] hasItems
2014-06-25 00:16:27.420 Get Latte[38587:70b] hasItems
2014-06-25 00:16:27.420 Get Latte[38587:70b] hasItems
objc[41207]: Class AXEmojiUtilities is implemented in both /Applications/Xcode.app/Contents/Developer/Platforms/iPhoneSimulator.platform/Developer/SDKs/iPhoneSimulator7.1.sdk/System/Library/PrivateFrameworks/AccessibilityUtilities.framework/AccessibilityUtilities and /Applications/Xcode.app/Contents/Developer/Platforms/iPhoneSimulator.platform/Developer/SDKs/iPhoneSimulator7.1.sdk/usr/lib/libAXSpeechManager.dylib. One of the two will be used. Which one is undefined.
2014-06-25 17:47:41.603 Get Latte[41207:70b] Cannot find executable for CFBundle 0xa25eed0 </Applications/Xcode.app/Contents/Developer/Platforms/iPhoneSimulator.platform/Developer/SDKs/iPhoneSimulator7.1.sdk/System/Library/AccessibilityBundles/CertUIFramework.axbundle> (not loaded)
2014-06-25 17:47:41.609 Get Latte[41207:70b] Cannot find executable for CFBundle 0xa54b6f0 </Applications/Xcode.app/Contents/Developer/Platforms/iPhoneSimulator.platform/Developer/SDKs/iPhoneSimulator7.1.sdk/System/Library/AccessibilityBundles/GeoServices.axbundle> (not loaded)
2014-06-25 17:47:41.639 Get Latte[41207:70b] Multi-tasking -> Device: YES, App: YES
2014-06-25 17:47:41.647 Get Latte[41207:70b] Unlimited access to network resources
2014-06-25 17:47:41.665 Get Latte[41207:70b] [CDVTimer][keyboard] 0.065029ms
2014-06-25 17:47:41.666 Get Latte[41207:70b] CDVPlugin class CDVStatusBar (pluginName: statusbar) does not exist.
2014-06-25 17:47:41.666 Get Latte[41207:70b] [CDVTimer][statusbar] 0.393033ms
2014-06-25 17:47:41.667 Get Latte[41207:70b] [CDVTimer][TotalPluginStartup] 1.271009ms
2014-06-25 17:47:41.760 Get Latte[41207:70b] Resetting plugins due to page load.
2014-06-25 17:47:42.081 Get Latte[41207:70b] Finished load of: file:///Users/Nick/Library/Application%20Support/iPhone%20Simulator/7.1/Applications/BA893E3F-E32B-4A81-86F1-32C7208E4A43/Get%20Latte.app/www/index.html#/login
objc[41487]: Class AXEmojiUtilities is implemented in both /Applications/Xcode.app/Contents/Developer/Platforms/iPhoneSimulator.platform/Developer/SDKs/iPhoneSimulator7.1.sdk/System/Library/PrivateFrameworks/AccessibilityUtilities.framework/AccessibilityUtilities and /Applications/Xcode.app/Contents/Developer/Platforms/iPhoneSimulator.platform/Developer/SDKs/iPhoneSimulator7.1.sdk/usr/lib/libAXSpeechManager.dylib. One of the two will be used. Which one is undefined.
2014-06-25 17:47:56.579 Get Latte[41487:70b] Cannot find executable for CFBundle 0xa412560 </Applications/Xcode.app/Contents/Developer/Platforms/iPhoneSimulator.platform/Developer/SDKs/iPhoneSimulator7.1.sdk/System/Library/AccessibilityBundles/GeoServices.axbundle> (not loaded)
2014-06-25 17:47:56.586 Get Latte[41487:70b] Cannot find executable for CFBundle 0xa3332a0 </Applications/Xcode.app/Contents/Developer/Platforms/iPhoneSimulator.platform/Developer/SDKs/iPhoneSimulator7.1.sdk/System/Library/AccessibilityBundles/CertUIFramework.axbundle> (not loaded)
2014-06-25 17:47:56.616 Get Latte[41487:70b] Multi-tasking -> Device: YES, App: YES
2014-06-25 17:47:56.621 Get Latte[41487:70b] Unlimited access to network resources
2014-06-25 17:47:56.638 Get Latte[41487:70b] [CDVTimer][keyboard] 0.057042ms
2014-06-25 17:47:56.639 Get Latte[41487:70b] CDVPlugin class CDVStatusBar (pluginName: statusbar) does not exist.
2014-06-25 17:47:56.639 Get Latte[41487:70b] [CDVTimer][statusbar] 0.347018ms
2014-06-25 17:47:56.640 Get Latte[41487:70b] [CDVTimer][TotalPluginStartup] 1.169980ms
2014-06-25 17:47:56.738 Get Latte[41487:70b] Resetting plugins due to page load.
2014-06-25 17:47:56.989 Get Latte[41487:70b] Finished load of: file:///Users/Nick/Library/Application%20Support/iPhone%20Simulator/7.1/Applications/BA893E3F-E32B-4A81-86F1-32C7208E4A43/Get%20Latte.app/www/index.html#/login
objc[41766]: Class AXEmojiUtilities is implemented in both /Applications/Xcode.app/Contents/Developer/Platforms/iPhoneSimulator.platform/Developer/SDKs/iPhoneSimulator7.1.sdk/System/Library/PrivateFrameworks/AccessibilityUtilities.framework/AccessibilityUtilities and /Applications/Xcode.app/Contents/Developer/Platforms/iPhoneSimulator.platform/Developer/SDKs/iPhoneSimulator7.1.sdk/usr/lib/libAXSpeechManager.dylib. One of the two will be used. Which one is undefined.
2014-06-25 17:48:45.132 Get Latte[41766:70b] Cannot find executable for CFBundle 0xa9be040 </Applications/Xcode.app/Contents/Developer/Platforms/iPhoneSimulator.platform/Developer/SDKs/iPhoneSimulator7.1.sdk/System/Library/AccessibilityBundles/CertUIFramework.axbundle> (not loaded)
2014-06-25 17:48:45.137 Get Latte[41766:70b] Cannot find executable for CFBundle 0xa598750 </Applications/Xcode.app/Contents/Developer/Platforms/iPhoneSimulator.platform/Developer/SDKs/iPhoneSimulator7.1.sdk/System/Library/AccessibilityBundles/GeoServices.axbundle> (not loaded)
2014-06-25 17:48:45.161 Get Latte[41766:70b] Multi-tasking -> Device: YES, App: YES
2014-06-25 17:48:45.168 Get Latte[41766:70b] Unlimited access to network resources
2014-06-25 17:48:45.186 Get Latte[41766:70b] [CDVTimer][keyboard] 0.059009ms
2014-06-25 17:48:45.187 Get Latte[41766:70b] CDVPlugin class CDVStatusBar (pluginName: statusbar) does not exist.
2014-06-25 17:48:45.187 Get Latte[41766:70b] [CDVTimer][statusbar] 0.331998ms
2014-06-25 17:48:45.187 Get Latte[41766:70b] [CDVTimer][TotalPluginStartup] 1.167953ms
2014-06-25 17:48:45.274 Get Latte[41766:70b] Resetting plugins due to page load.
2014-06-25 17:48:45.471 Get Latte[41766:70b] Finished load of: file:///Users/Nick/Library/Application%20Support/iPhone%20Simulator/7.1/Applications/BA893E3F-E32B-4A81-86F1-32C7208E4A43/Get%20Latte.app/www/index.html#/login
objc[44453]: Class AXEmojiUtilities is implemented in both /Applications/Xcode.app/Contents/Developer/Platforms/iPhoneSimulator.platform/Developer/SDKs/iPhoneSimulator7.1.sdk/System/Library/PrivateFrameworks/AccessibilityUtilities.framework/AccessibilityUtilities and /Applications/Xcode.app/Contents/Developer/Platforms/iPhoneSimulator.platform/Developer/SDKs/iPhoneSimulator7.1.sdk/usr/lib/libAXSpeechManager.dylib. One of the two will be used. Which one is undefined.
2014-06-25 18:03:38.643 Get Latte[44453:70b] Cannot find executable for CFBundle 0xa352d10 </Applications/Xcode.app/Contents/Developer/Platforms/iPhoneSimulator.platform/Developer/SDKs/iPhoneSimulator7.1.sdk/System/Library/AccessibilityBundles/GeoServices.axbundle> (not loaded)
2014-06-25 18:03:38.650 Get Latte[44453:70b] Cannot find executable for CFBundle 0xa842260 </Applications/Xcode.app/Contents/Developer/Platforms/iPhoneSimulator.platform/Developer/SDKs/iPhoneSimulator7.1.sdk/System/Library/AccessibilityBundles/CertUIFramework.axbundle> (not loaded)
2014-06-25 18:03:38.676 Get Latte[44453:70b] Multi-tasking -> Device: YES, App: YES
2014-06-25 18:03:38.682 Get Latte[44453:70b] Unlimited access to network resources
2014-06-25 18:03:38.701 Get Latte[44453:70b] [CDVTimer][keyboard] 0.057995ms
2014-06-25 18:03:38.701 Get Latte[44453:70b] CDVPlugin class CDVStatusBar (pluginName: statusbar) does not exist.
2014-06-25 18:03:38.701 Get Latte[44453:70b] [CDVTimer][statusbar] 0.371993ms
2014-06-25 18:03:38.702 Get Latte[44453:70b] [CDVTimer][TotalPluginStartup] 1.246989ms
2014-06-25 18:03:38.781 Get Latte[44453:70b] Resetting plugins due to page load.
2014-06-25 18:03:39.009 Get Latte[44453:70b] Finished load of: file:///Users/Nick/Library/Application%20Support/iPhone%20Simulator/7.1/Applications/BA893E3F-E32B-4A81-86F1-32C7208E4A43/Get%20Latte.app/www/index.html#/login
objc[44972]: Class AXEmojiUtilities is implemented in both /Applications/Xcode.app/Contents/Developer/Platforms/iPhoneSimulator.platform/Developer/SDKs/iPhoneSimulator7.1.sdk/System/Library/PrivateFrameworks/AccessibilityUtilities.framework/AccessibilityUtilities and /Applications/Xcode.app/Contents/Developer/Platforms/iPhoneSimulator.platform/Developer/SDKs/iPhoneSimulator7.1.sdk/usr/lib/libAXSpeechManager.dylib. One of the two will be used. Which one is undefined.
2014-06-25 18:07:58.725 Get Latte[44972:70b] Cannot find executable for CFBundle 0xa849d60 </Applications/Xcode.app/Contents/Developer/Platforms/iPhoneSimulator.platform/Developer/SDKs/iPhoneSimulator7.1.sdk/System/Library/AccessibilityBundles/CertUIFramework.axbundle> (not loaded)
2014-06-25 18:07:58.732 Get Latte[44972:70b] Cannot find executable for CFBundle 0xa453420 </Applications/Xcode.app/Contents/Developer/Platforms/iPhoneSimulator.platform/Developer/SDKs/iPhoneSimulator7.1.sdk/System/Library/AccessibilityBundles/GeoServices.axbundle> (not loaded)
2014-06-25 18:07:58.761 Get Latte[44972:70b] Multi-tasking -> Device: YES, App: YES
2014-06-25 18:07:58.766 Get Latte[44972:70b] Unlimited access to network resources
2014-06-25 18:07:58.787 Get Latte[44972:70b] [CDVTimer][keyboard] 0.060976ms
2014-06-25 18:07:58.787 Get Latte[44972:70b] CDVPlugin class CDVStatusBar (pluginName: statusbar) does not exist.
2014-06-25 18:07:58.788 Get Latte[44972:70b] [CDVTimer][statusbar] 0.326991ms
2014-06-25 18:07:58.788 Get Latte[44972:70b] [CDVTimer][TotalPluginStartup] 1.195014ms
2014-06-25 18:07:58.870 Get Latte[44972:70b] Resetting plugins due to page load.
2014-06-25 18:07:59.148 Get Latte[44972:70b] Finished load of: file:///Users/Nick/Library/Application%20Support/iPhone%20Simulator/7.1/Applications/BA893E3F-E32B-4A81-86F1-32C7208E4A43/Get%20Latte.app/www/index.html#/login
objc[45251]: Class AXEmojiUtilities is implemented in both /Applications/Xcode.app/Contents/Developer/Platforms/iPhoneSimulator.platform/Developer/SDKs/iPhoneSimulator7.1.sdk/System/Library/PrivateFrameworks/AccessibilityUtilities.framework/AccessibilityUtilities and /Applications/Xcode.app/Contents/Developer/Platforms/iPhoneSimulator.platform/Developer/SDKs/iPhoneSimulator7.1.sdk/usr/lib/libAXSpeechManager.dylib. One of the two will be used. Which one is undefined.
2014-06-25 18:09:03.227 Get Latte[45251:70b] Cannot find executable for CFBundle 0xad957a0 </Applications/Xcode.app/Contents/Developer/Platforms/iPhoneSimulator.platform/Developer/SDKs/iPhoneSimulator7.1.sdk/System/Library/AccessibilityBundles/GeoServices.axbundle> (not loaded)
2014-06-25 18:09:03.232 Get Latte[45251:70b] Cannot find executable for CFBundle 0xa882af0 </Applications/Xcode.app/Contents/Developer/Platforms/iPhoneSimulator.platform/Developer/SDKs/iPhoneSimulator7.1.sdk/System/Library/AccessibilityBundles/CertUIFramework.axbundle> (not loaded)
2014-06-25 18:09:03.265 Get Latte[45251:70b] Multi-tasking -> Device: YES, App: YES
2014-06-25 18:09:03.273 Get Latte[45251:70b] Unlimited access to network resources
2014-06-25 18:09:03.290 Get Latte[45251:70b] [CDVTimer][keyboard] 0.055969ms
2014-06-25 18:09:03.291 Get Latte[45251:70b] CDVPlugin class CDVStatusBar (pluginName: statusbar) does not exist.
2014-06-25 18:09:03.291 Get Latte[45251:70b] [CDVTimer][statusbar] 0.352979ms
2014-06-25 18:09:03.292 Get Latte[45251:70b] [CDVTimer][TotalPluginStartup] 1.219988ms
2014-06-25 18:09:03.372 Get Latte[45251:70b] Resetting plugins due to page load.
2014-06-25 18:09:03.584 Get Latte[45251:70b] Finished load of: file:///Users/Nick/Library/Application%20Support/iPhone%20Simulator/7.1/Applications/BA893E3F-E32B-4A81-86F1-32C7208E4A43/Get%20Latte.app/www/index.html#/login
objc[45536]: Class AXEmojiUtilities is implemented in both /Applications/Xcode.app/Contents/Developer/Platforms/iPhoneSimulator.platform/Developer/SDKs/iPhoneSimulator7.1.sdk/System/Library/PrivateFrameworks/AccessibilityUtilities.framework/AccessibilityUtilities and /Applications/Xcode.app/Contents/Developer/Platforms/iPhoneSimulator.platform/Developer/SDKs/iPhoneSimulator7.1.sdk/usr/lib/libAXSpeechManager.dylib. One of the two will be used. Which one is undefined.
2014-06-25 18:10:34.620 Get Latte[45536:70b] Cannot find executable for CFBundle 0xa865e30 </Applications/Xcode.app/Contents/Developer/Platforms/iPhoneSimulator.platform/Developer/SDKs/iPhoneSimulator7.1.sdk/System/Library/AccessibilityBundles/CertUIFramework.axbundle> (not loaded)
2014-06-25 18:10:34.624 Get Latte[45536:70b] Cannot find executable for CFBundle 0xa87d4c0 </Applications/Xcode.app/Contents/Developer/Platforms/iPhoneSimulator.platform/Developer/SDKs/iPhoneSimulator7.1.sdk/System/Library/AccessibilityBundles/GeoServices.axbundle> (not loaded)
2014-06-25 18:10:34.649 Get Latte[45536:70b] Multi-tasking -> Device: YES, App: YES
2014-06-25 18:10:34.656 Get Latte[45536:70b] Unlimited access to network resources
2014-06-25 18:10:34.675 Get Latte[45536:70b] [CDVTimer][keyboard] 0.056982ms
2014-06-25 18:10:34.676 Get Latte[45536:70b] CDVPlugin class CDVStatusBar (pluginName: statusbar) does not exist.
2014-06-25 18:10:34.676 Get Latte[45536:70b] [CDVTimer][statusbar] 0.360966ms
2014-06-25 18:10:34.676 Get Latte[45536:70b] [CDVTimer][TotalPluginStartup] 1.209974ms
2014-06-25 18:10:34.766 Get Latte[45536:70b] Resetting plugins due to page load.
2014-06-25 18:10:35.018 Get Latte[45536:70b] Finished load of: file:///Users/Nick/Library/Application%20Support/iPhone%20Simulator/7.1/Applications/BA893E3F-E32B-4A81-86F1-32C7208E4A43/Get%20Latte.app/www/index.html#/login
Terminating in response to SpringBoard's termination.
objc[49568]: Class AXEmojiUtilities is implemented in both /Applications/Xcode.app/Contents/Developer/Platforms/iPhoneSimulator.platform/Developer/SDKs/iPhoneSimulator7.1.sdk/System/Library/PrivateFrameworks/AccessibilityUtilities.framework/AccessibilityUtilities and /Applications/Xcode.app/Contents/Developer/Platforms/iPhoneSimulator.platform/Developer/SDKs/iPhoneSimulator7.1.sdk/usr/lib/libAXSpeechManager.dylib. One of the two will be used. Which one is undefined.
2014-06-25 20:39:05.110 Get Latte[49568:70b] Cannot find executable for CFBundle 0xa456730 </Applications/Xcode.app/Contents/Developer/Platforms/iPhoneSimulator.platform/Developer/SDKs/iPhoneSimulator7.1.sdk/System/Library/AccessibilityBundles/GeoServices.axbundle> (not loaded)
2014-06-25 20:39:05.117 Get Latte[49568:70b] Cannot find executable for CFBundle 0xa2411c0 </Applications/Xcode.app/Contents/Developer/Platforms/iPhoneSimulator.platform/Developer/SDKs/iPhoneSimulator7.1.sdk/System/Library/AccessibilityBundles/CertUIFramework.axbundle> (not loaded)
2014-06-25 20:39:05.182 Get Latte[49568:70b] Multi-tasking -> Device: YES, App: YES
2014-06-25 20:39:05.187 Get Latte[49568:70b] Unlimited access to network resources
2014-06-25 20:39:05.208 Get Latte[49568:70b] [CDVTimer][keyboard] 0.057995ms
2014-06-25 20:39:05.208 Get Latte[49568:70b] CDVPlugin class CDVStatusBar (pluginName: statusbar) does not exist.
2014-06-25 20:39:05.209 Get Latte[49568:70b] [CDVTimer][statusbar] 1.073003ms
2014-06-25 20:39:05.210 Get Latte[49568:70b] [CDVTimer][TotalPluginStartup] 2.068996ms
2014-06-25 20:39:05.322 Get Latte[49568:70b] Resetting plugins due to page load.
2014-06-25 20:39:05.772 Get Latte[49568:70b] Finished load of: file:///Users/Nick/Library/Application%20Support/iPhone%20Simulator/7.1/Applications/BA893E3F-E32B-4A81-86F1-32C7208E4A43/Get%20Latte.app/www/index.html#/login
